mode: atomic
github.com/HOangAG2207/GoBeK03Echo/internal/handler/health/check_health.go:16.53,18.16 2 2
github.com/HOangAG2207/GoBeK03Echo/internal/handler/health/check_health.go:18.16,20.3 1 1
github.com/HOangAG2207/GoBeK03Echo/internal/handler/health/check_health.go:21.2,21.63 1 1
github.com/HOangAG2207/GoBeK03Echo/internal/handler/health/handler.go:15.43,19.2 1 2
github.com/HOangAG2207/GoBeK03Echo/internal/repository/health/ping_redis.go:5.59,7.2 1 0
github.com/HOangAG2207/GoBeK03Echo/internal/repository/health/repository.go:17.48,21.2 1 0
github.com/HOangAG2207/GoBeK03Echo/internal/repository/links/get_url.go:5.79,7.2 1 0
github.com/HOangAG2207/GoBeK03Echo/internal/repository/links/repository.go:19.48,23.2 1 0
github.com/HOangAG2207/GoBeK03Echo/internal/repository/links/store_url.go:9.91,11.2 1 0
github.com/HOangAG2207/GoBeK03Echo/internal/service/health/check_health.go:15.88,16.46 1 0
github.com/HOangAG2207/GoBeK03Echo/internal/service/health/check_health.go:16.46,18.3 1 0
github.com/HOangAG2207/GoBeK03Echo/internal/service/health/check_health.go:19.2,20.14 2 0
github.com/HOangAG2207/GoBeK03Echo/internal/service/health/check_health.go:20.14,22.3 1 0
github.com/HOangAG2207/GoBeK03Echo/internal/service/health/check_health.go:23.2,27.8 1 0
github.com/HOangAG2207/GoBeK03Echo/internal/service/health/service.go:21.78,27.2 1 0
github.com/HOangAG2207/GoBeK03Echo/internal/service/links/get_url.go:12.76,14.31 2 0
github.com/HOangAG2207/GoBeK03Echo/internal/service/links/get_url.go:14.31,16.3 1 0
github.com/HOangAG2207/GoBeK03Echo/internal/service/links/get_url.go:18.2,18.16 1 0
github.com/HOangAG2207/GoBeK03Echo/internal/service/links/get_url.go:18.16,20.3 1 0
github.com/HOangAG2207/GoBeK03Echo/internal/service/links/get_url.go:22.2,22.17 1 0
github.com/HOangAG2207/GoBeK03Echo/internal/service/links/service.go:17.48,21.2 1 0
github.com/HOangAG2207/GoBeK03Echo/internal/service/links/shorten_link.go:15.110,16.28 1 0
github.com/HOangAG2207/GoBeK03Echo/internal/service/links/shorten_link.go:16.28,19.17 2 0
github.com/HOangAG2207/GoBeK03Echo/internal/service/links/shorten_link.go:19.17,21.4 1 0
github.com/HOangAG2207/GoBeK03Echo/internal/service/links/shorten_link.go:24.3,27.17 2 0
github.com/HOangAG2207/GoBeK03Echo/internal/service/links/shorten_link.go:27.17,28.12 1 0
github.com/HOangAG2207/GoBeK03Echo/internal/service/links/shorten_link.go:32.3,32.23 1 0
github.com/HOangAG2207/GoBeK03Echo/internal/service/links/shorten_link.go:32.23,34.4 1 0
github.com/HOangAG2207/GoBeK03Echo/internal/service/links/shorten_link.go:37.3,38.17 2 0
github.com/HOangAG2207/GoBeK03Echo/internal/service/links/shorten_link.go:38.17,40.4 1 0
github.com/HOangAG2207/GoBeK03Echo/internal/service/links/shorten_link.go:42.3,42.19 1 0
github.com/HOangAG2207/GoBeK03Echo/internal/service/links/shorten_link.go:45.2,45.34 1 0
github.com/HOangAG2207/GoBeK03Echo/internal/handler/health/check_health.go:16.53,18.16 2 0
github.com/HOangAG2207/GoBeK03Echo/internal/handler/health/check_health.go:18.16,20.3 1 0
github.com/HOangAG2207/GoBeK03Echo/internal/handler/health/check_health.go:21.2,21.63 1 0
github.com/HOangAG2207/GoBeK03Echo/internal/handler/health/handler.go:15.43,19.2 1 0
github.com/HOangAG2207/GoBeK03Echo/internal/repository/health/ping_redis.go:5.59,7.2 1 2
github.com/HOangAG2207/GoBeK03Echo/internal/repository/health/repository.go:17.48,21.2 1 2
github.com/HOangAG2207/GoBeK03Echo/internal/repository/links/get_url.go:5.79,7.2 1 0
github.com/HOangAG2207/GoBeK03Echo/internal/repository/links/repository.go:19.48,23.2 1 0
github.com/HOangAG2207/GoBeK03Echo/internal/repository/links/store_url.go:9.91,11.2 1 0
github.com/HOangAG2207/GoBeK03Echo/internal/service/health/check_health.go:15.88,16.46 1 0
github.com/HOangAG2207/GoBeK03Echo/internal/service/health/check_health.go:16.46,18.3 1 0
github.com/HOangAG2207/GoBeK03Echo/internal/service/health/check_health.go:19.2,20.14 2 0
github.com/HOangAG2207/GoBeK03Echo/internal/service/health/check_health.go:20.14,22.3 1 0
github.com/HOangAG2207/GoBeK03Echo/internal/service/health/check_health.go:23.2,27.8 1 0
github.com/HOangAG2207/GoBeK03Echo/internal/service/health/service.go:21.78,27.2 1 0
github.com/HOangAG2207/GoBeK03Echo/internal/service/links/get_url.go:12.76,14.31 2 0
github.com/HOangAG2207/GoBeK03Echo/internal/service/links/get_url.go:14.31,16.3 1 0
github.com/HOangAG2207/GoBeK03Echo/internal/service/links/get_url.go:18.2,18.16 1 0
github.com/HOangAG2207/GoBeK03Echo/internal/service/links/get_url.go:18.16,20.3 1 0
github.com/HOangAG2207/GoBeK03Echo/internal/service/links/get_url.go:22.2,22.17 1 0
github.com/HOangAG2207/GoBeK03Echo/internal/service/links/service.go:17.48,21.2 1 0
github.com/HOangAG2207/GoBeK03Echo/internal/service/links/shorten_link.go:15.110,16.28 1 0
github.com/HOangAG2207/GoBeK03Echo/internal/service/links/shorten_link.go:16.28,19.17 2 0
github.com/HOangAG2207/GoBeK03Echo/internal/service/links/shorten_link.go:19.17,21.4 1 0
github.com/HOangAG2207/GoBeK03Echo/internal/service/links/shorten_link.go:24.3,27.17 2 0
github.com/HOangAG2207/GoBeK03Echo/internal/service/links/shorten_link.go:27.17,28.12 1 0
github.com/HOangAG2207/GoBeK03Echo/internal/service/links/shorten_link.go:32.3,32.23 1 0
github.com/HOangAG2207/GoBeK03Echo/internal/service/links/shorten_link.go:32.23,34.4 1 0
github.com/HOangAG2207/GoBeK03Echo/internal/service/links/shorten_link.go:37.3,38.17 2 0
github.com/HOangAG2207/GoBeK03Echo/internal/service/links/shorten_link.go:38.17,40.4 1 0
github.com/HOangAG2207/GoBeK03Echo/internal/service/links/shorten_link.go:42.3,42.19 1 0
github.com/HOangAG2207/GoBeK03Echo/internal/service/links/shorten_link.go:45.2,45.34 1 0
github.com/HOangAG2207/GoBeK03Echo/internal/handler/health/check_health.go:16.53,18.16 2 0
github.com/HOangAG2207/GoBeK03Echo/internal/handler/health/check_health.go:18.16,20.3 1 0
github.com/HOangAG2207/GoBeK03Echo/internal/handler/health/check_health.go:21.2,21.63 1 0
github.com/HOangAG2207/GoBeK03Echo/internal/handler/health/handler.go:15.43,19.2 1 0
github.com/HOangAG2207/GoBeK03Echo/internal/repository/health/ping_redis.go:5.59,7.2 1 0
github.com/HOangAG2207/GoBeK03Echo/internal/repository/health/repository.go:17.48,21.2 1 0
github.com/HOangAG2207/GoBeK03Echo/internal/repository/links/get_url.go:5.79,7.2 1 2
github.com/HOangAG2207/GoBeK03Echo/internal/repository/links/repository.go:19.48,23.2 1 6
github.com/HOangAG2207/GoBeK03Echo/internal/repository/links/store_url.go:9.91,11.2 1 4
github.com/HOangAG2207/GoBeK03Echo/internal/service/health/check_health.go:15.88,16.46 1 0
github.com/HOangAG2207/GoBeK03Echo/internal/service/health/check_health.go:16.46,18.3 1 0
github.com/HOangAG2207/GoBeK03Echo/internal/service/health/check_health.go:19.2,20.14 2 0
github.com/HOangAG2207/GoBeK03Echo/internal/service/health/check_health.go:20.14,22.3 1 0
github.com/HOangAG2207/GoBeK03Echo/internal/service/health/check_health.go:23.2,27.8 1 0
github.com/HOangAG2207/GoBeK03Echo/internal/service/health/service.go:21.78,27.2 1 0
github.com/HOangAG2207/GoBeK03Echo/internal/service/links/get_url.go:12.76,14.31 2 0
github.com/HOangAG2207/GoBeK03Echo/internal/service/links/get_url.go:14.31,16.3 1 0
github.com/HOangAG2207/GoBeK03Echo/internal/service/links/get_url.go:18.2,18.16 1 0
github.com/HOangAG2207/GoBeK03Echo/internal/service/links/get_url.go:18.16,20.3 1 0
github.com/HOangAG2207/GoBeK03Echo/internal/service/links/get_url.go:22.2,22.17 1 0
github.com/HOangAG2207/GoBeK03Echo/internal/service/links/service.go:17.48,21.2 1 0
github.com/HOangAG2207/GoBeK03Echo/internal/service/links/shorten_link.go:15.110,16.28 1 0
github.com/HOangAG2207/GoBeK03Echo/internal/service/links/shorten_link.go:16.28,19.17 2 0
github.com/HOangAG2207/GoBeK03Echo/internal/service/links/shorten_link.go:19.17,21.4 1 0
github.com/HOangAG2207/GoBeK03Echo/internal/service/links/shorten_link.go:24.3,27.17 2 0
github.com/HOangAG2207/GoBeK03Echo/internal/service/links/shorten_link.go:27.17,28.12 1 0
github.com/HOangAG2207/GoBeK03Echo/internal/service/links/shorten_link.go:32.3,32.23 1 0
github.com/HOangAG2207/GoBeK03Echo/internal/service/links/shorten_link.go:32.23,34.4 1 0
github.com/HOangAG2207/GoBeK03Echo/internal/service/links/shorten_link.go:37.3,38.17 2 0
github.com/HOangAG2207/GoBeK03Echo/internal/service/links/shorten_link.go:38.17,40.4 1 0
github.com/HOangAG2207/GoBeK03Echo/internal/service/links/shorten_link.go:42.3,42.19 1 0
github.com/HOangAG2207/GoBeK03Echo/internal/service/links/shorten_link.go:45.2,45.34 1 0
github.com/HOangAG2207/GoBeK03Echo/internal/handler/health/check_health.go:16.53,18.16 2 0
github.com/HOangAG2207/GoBeK03Echo/internal/handler/health/check_health.go:18.16,20.3 1 0
github.com/HOangAG2207/GoBeK03Echo/internal/handler/health/check_health.go:21.2,21.63 1 0
github.com/HOangAG2207/GoBeK03Echo/internal/handler/health/handler.go:15.43,19.2 1 0
github.com/HOangAG2207/GoBeK03Echo/internal/repository/health/ping_redis.go:5.59,7.2 1 0
github.com/HOangAG2207/GoBeK03Echo/internal/repository/health/repository.go:17.48,21.2 1 0
github.com/HOangAG2207/GoBeK03Echo/internal/repository/links/get_url.go:5.79,7.2 1 0
github.com/HOangAG2207/GoBeK03Echo/internal/repository/links/repository.go:19.48,23.2 1 0
github.com/HOangAG2207/GoBeK03Echo/internal/repository/links/store_url.go:9.91,11.2 1 0
github.com/HOangAG2207/GoBeK03Echo/internal/service/health/check_health.go:15.88,16.46 1 3
github.com/HOangAG2207/GoBeK03Echo/internal/service/health/check_health.go:16.46,18.3 1 1
github.com/HOangAG2207/GoBeK03Echo/internal/service/health/check_health.go:19.2,20.14 2 2
github.com/HOangAG2207/GoBeK03Echo/internal/service/health/check_health.go:20.14,22.3 1 1
github.com/HOangAG2207/GoBeK03Echo/internal/service/health/check_health.go:23.2,27.8 1 2
github.com/HOangAG2207/GoBeK03Echo/internal/service/health/service.go:21.78,27.2 1 3
github.com/HOangAG2207/GoBeK03Echo/internal/service/links/get_url.go:12.76,14.31 2 0
github.com/HOangAG2207/GoBeK03Echo/internal/service/links/get_url.go:14.31,16.3 1 0
github.com/HOangAG2207/GoBeK03Echo/internal/service/links/get_url.go:18.2,18.16 1 0
github.com/HOangAG2207/GoBeK03Echo/internal/service/links/get_url.go:18.16,20.3 1 0
github.com/HOangAG2207/GoBeK03Echo/internal/service/links/get_url.go:22.2,22.17 1 0
github.com/HOangAG2207/GoBeK03Echo/internal/service/links/service.go:17.48,21.2 1 0
github.com/HOangAG2207/GoBeK03Echo/internal/service/links/shorten_link.go:15.110,16.28 1 0
github.com/HOangAG2207/GoBeK03Echo/internal/service/links/shorten_link.go:16.28,19.17 2 0
github.com/HOangAG2207/GoBeK03Echo/internal/service/links/shorten_link.go:19.17,21.4 1 0
github.com/HOangAG2207/GoBeK03Echo/internal/service/links/shorten_link.go:24.3,27.17 2 0
github.com/HOangAG2207/GoBeK03Echo/internal/service/links/shorten_link.go:27.17,28.12 1 0
github.com/HOangAG2207/GoBeK03Echo/internal/service/links/shorten_link.go:32.3,32.23 1 0
github.com/HOangAG2207/GoBeK03Echo/internal/service/links/shorten_link.go:32.23,34.4 1 0
github.com/HOangAG2207/GoBeK03Echo/internal/service/links/shorten_link.go:37.3,38.17 2 0
github.com/HOangAG2207/GoBeK03Echo/internal/service/links/shorten_link.go:38.17,40.4 1 0
github.com/HOangAG2207/GoBeK03Echo/internal/service/links/shorten_link.go:42.3,42.19 1 0
github.com/HOangAG2207/GoBeK03Echo/internal/service/links/shorten_link.go:45.2,45.34 1 0
github.com/HOangAG2207/GoBeK03Echo/internal/handler/health/check_health.go:16.53,18.16 2 0
github.com/HOangAG2207/GoBeK03Echo/internal/handler/health/check_health.go:18.16,20.3 1 0
github.com/HOangAG2207/GoBeK03Echo/internal/handler/health/check_health.go:21.2,21.63 1 0
github.com/HOangAG2207/GoBeK03Echo/internal/handler/health/handler.go:15.43,19.2 1 0
github.com/HOangAG2207/GoBeK03Echo/internal/repository/health/ping_redis.go:5.59,7.2 1 0
github.com/HOangAG2207/GoBeK03Echo/internal/repository/health/repository.go:17.48,21.2 1 0
github.com/HOangAG2207/GoBeK03Echo/internal/repository/links/get_url.go:5.79,7.2 1 0
github.com/HOangAG2207/GoBeK03Echo/internal/repository/links/repository.go:19.48,23.2 1 0
github.com/HOangAG2207/GoBeK03Echo/internal/repository/links/store_url.go:9.91,11.2 1 0
github.com/HOangAG2207/GoBeK03Echo/internal/service/health/check_health.go:15.88,16.46 1 0
github.com/HOangAG2207/GoBeK03Echo/internal/service/health/check_health.go:16.46,18.3 1 0
github.com/HOangAG2207/GoBeK03Echo/internal/service/health/check_health.go:19.2,20.14 2 0
github.com/HOangAG2207/GoBeK03Echo/internal/service/health/check_health.go:20.14,22.3 1 0
github.com/HOangAG2207/GoBeK03Echo/internal/service/health/check_health.go:23.2,27.8 1 0
github.com/HOangAG2207/GoBeK03Echo/internal/service/health/service.go:21.78,27.2 1 0
github.com/HOangAG2207/GoBeK03Echo/internal/service/links/get_url.go:12.76,14.31 2 4
github.com/HOangAG2207/GoBeK03Echo/internal/service/links/get_url.go:14.31,16.3 1 1
github.com/HOangAG2207/GoBeK03Echo/internal/service/links/get_url.go:18.2,18.16 1 3
github.com/HOangAG2207/GoBeK03Echo/internal/service/links/get_url.go:18.16,20.3 1 1
github.com/HOangAG2207/GoBeK03Echo/internal/service/links/get_url.go:22.2,22.17 1 2
github.com/HOangAG2207/GoBeK03Echo/internal/service/links/service.go:17.48,21.2 1 9
github.com/HOangAG2207/GoBeK03Echo/internal/service/links/shorten_link.go:15.110,16.28 1 5
github.com/HOangAG2207/GoBeK03Echo/internal/service/links/shorten_link.go:16.28,19.17 2 15
github.com/HOangAG2207/GoBeK03Echo/internal/service/links/shorten_link.go:19.17,21.4 1 0
github.com/HOangAG2207/GoBeK03Echo/internal/service/links/shorten_link.go:24.3,27.17 2 15
github.com/HOangAG2207/GoBeK03Echo/internal/service/links/shorten_link.go:27.17,28.12 1 11
github.com/HOangAG2207/GoBeK03Echo/internal/service/links/shorten_link.go:32.3,32.23 1 4
github.com/HOangAG2207/GoBeK03Echo/internal/service/links/shorten_link.go:32.23,34.4 1 1
github.com/HOangAG2207/GoBeK03Echo/internal/service/links/shorten_link.go:37.3,38.17 2 3
github.com/HOangAG2207/GoBeK03Echo/internal/service/links/shorten_link.go:38.17,40.4 1 1
github.com/HOangAG2207/GoBeK03Echo/internal/service/links/shorten_link.go:42.3,42.19 1 2
github.com/HOangAG2207/GoBeK03Echo/internal/service/links/shorten_link.go:45.2,45.34 1 1
github.com/HOangAG2207/GoBeK03Echo/internal/handler/health/check_health.go:16.53,18.16 2 2
github.com/HOangAG2207/GoBeK03Echo/internal/handler/health/check_health.go:18.16,20.3 1 1
github.com/HOangAG2207/GoBeK03Echo/internal/handler/health/check_health.go:21.2,21.63 1 1
github.com/HOangAG2207/GoBeK03Echo/internal/handler/health/handler.go:15.43,19.2 1 2
github.com/HOangAG2207/GoBeK03Echo/internal/repository/health/ping_redis.go:5.59,7.2 1 0
github.com/HOangAG2207/GoBeK03Echo/internal/repository/health/repository.go:17.48,21.2 1 0
github.com/HOangAG2207/GoBeK03Echo/internal/repository/links/get_url.go:5.79,7.2 1 0
github.com/HOangAG2207/GoBeK03Echo/internal/repository/links/repository.go:19.48,23.2 1 0
github.com/HOangAG2207/GoBeK03Echo/internal/repository/links/store_url.go:9.91,11.2 1 0
github.com/HOangAG2207/GoBeK03Echo/internal/service/health/check_health.go:15.88,16.46 1 0
github.com/HOangAG2207/GoBeK03Echo/internal/service/health/check_health.go:16.46,18.3 1 0
github.com/HOangAG2207/GoBeK03Echo/internal/service/health/check_health.go:19.2,20.14 2 0
github.com/HOangAG2207/GoBeK03Echo/internal/service/health/check_health.go:20.14,22.3 1 0
github.com/HOangAG2207/GoBeK03Echo/internal/service/health/check_health.go:23.2,27.8 1 0
github.com/HOangAG2207/GoBeK03Echo/internal/service/health/service.go:21.78,27.2 1 0
github.com/HOangAG2207/GoBeK03Echo/internal/service/links/get_url.go:12.76,14.31 2 0
github.com/HOangAG2207/GoBeK03Echo/internal/service/links/get_url.go:14.31,16.3 1 0
github.com/HOangAG2207/GoBeK03Echo/internal/service/links/get_url.go:18.2,18.16 1 0
github.com/HOangAG2207/GoBeK03Echo/internal/service/links/get_url.go:18.16,20.3 1 0
github.com/HOangAG2207/GoBeK03Echo/internal/service/links/get_url.go:22.2,22.17 1 0
github.com/HOangAG2207/GoBeK03Echo/internal/service/links/service.go:17.48,21.2 1 0
github.com/HOangAG2207/GoBeK03Echo/internal/service/links/shorten_link.go:15.110,16.28 1 0
github.com/HOangAG2207/GoBeK03Echo/internal/service/links/shorten_link.go:16.28,19.17 2 0
github.com/HOangAG2207/GoBeK03Echo/internal/service/links/shorten_link.go:19.17,21.4 1 0
github.com/HOangAG2207/GoBeK03Echo/internal/service/links/shorten_link.go:24.3,27.17 2 0
github.com/HOangAG2207/GoBeK03Echo/internal/service/links/shorten_link.go:27.17,28.12 1 0
github.com/HOangAG2207/GoBeK03Echo/internal/service/links/shorten_link.go:32.3,32.23 1 0
github.com/HOangAG2207/GoBeK03Echo/internal/service/links/shorten_link.go:32.23,34.4 1 0
github.com/HOangAG2207/GoBeK03Echo/internal/service/links/shorten_link.go:37.3,38.17 2 0
github.com/HOangAG2207/GoBeK03Echo/internal/service/links/shorten_link.go:38.17,40.4 1 0
github.com/HOangAG2207/GoBeK03Echo/internal/service/links/shorten_link.go:42.3,42.19 1 0
github.com/HOangAG2207/GoBeK03Echo/internal/service/links/shorten_link.go:45.2,45.34 1 0
